<?xml version="1.0" encoding="UTF-8"?>
<!-- Generated by org.testng.reporters.JUnitXMLReporter -->
<testsuite ignored="0" hostname="DESKTOP-GPC7LG8" failures="0" tests="2" name="Default test" time="3.597" errors="0" timestamp="2023-09-28T21:28:08 IST">
  <testcase classname="com.vendor.tests.VendorTestHome" name="@BeforeTest setPageObjects" time="-1.695916688234E9">
    <failure type="org.testng.TestNGException" message="
Parameter &amp;apos;recordsPath&amp;apos; is required by BeforeTest on method setPageObjects but has not been marked @Optional or defined
in C:\Users\MINE\AppData\Local\Temp\testng-eclipse-1263287291\testng-customsuite.xml">
      <![CDATA[org.testng.TestNGException: 
Parameter 'recordsPath' is required by BeforeTest on method setPageObjects but has not been marked @Optional or defined
in C:\Users\MINE\AppData\Local\Temp\testng-eclipse-1263287291\testng-customsuite.xml
at org.testng.internal.Parameters.createParams(Parameters.java:270)
at org.testng.internal.Parameters.createParametersForMethod(Parameters.java:358)
at org.testng.internal.Parameters.createParameters(Parameters.java:700)
at org.testng.internal.Parameters.createConfigurationParameters(Parameters.java:168)
at org.testng.internal.ConfigInvoker.invokeConfigurations(ConfigInvoker.java:302)
at org.testng.TestRunner.invokeTestConfigurations(TestRunner.java:637)
at org.testng.TestRunner.beforeRun(TestRunner.java:627)
at org.testng.TestRunner.run(TestRunner.java:589)
at org.testng.SuiteRunner.runTest(SuiteRunner.java:377)
at org.testng.SuiteRunner.runSequentially(SuiteRunner.java:371)
at org.testng.SuiteRunner.privateRun(SuiteRunner.java:332)
at org.testng.SuiteRunner.run(SuiteRunner.java:276)
at org.testng.SuiteRunnerWorker.runSuite(SuiteRunnerWorker.java:53)
at org.testng.SuiteRunnerWorker.run(SuiteRunnerWorker.java:96)
at org.testng.TestNG.runSuitesSequentially(TestNG.java:1212)
at org.testng.TestNG.runSuitesLocally(TestNG.java:1134)
at org.testng.TestNG.runSuites(TestNG.java:1063)
at org.testng.TestNG.run(TestNG.java:1031)
at org.testng.remote.AbstractRemoteTestNG.run(AbstractRemoteTestNG.java:115)
at org.testng.remote.RemoteTestNG.initAndRun(RemoteTestNG.java:251)
at org.testng.remote.RemoteTestNG.main(RemoteTestNG.java:77)
]]>
    </failure>
  </testcase> <!-- @BeforeTest setPageObjects -->
  <testcase classname="com.base.test.AbstractTest" name="@AfterTest tearDown" time="-1.695916688312E9">
    <skipped/>
  </testcase> <!-- @AfterTest tearDown -->
  <testcase classname="com.vendor.tests.VendorTestHome" name="login_page" time="0.0">
    <skipped/>
  </testcase> <!-- login_page -->
  <testcase classname="com.vendor.tests.VendorTestHome" name="dashboard_test" time="0.0">
    <skipped/>
  </testcase> <!-- dashboard_test -->
</testsuite> <!-- Default test -->
